

Started GET "/pages/" for 127.0.0.1 at 2010-09-03 22:08:10 +0200

ActionController::RoutingError (No route matches "/pages"):
  

Rendered /Users/tomek/.rvm/gems/ruby-1.9.2-p0@rails3/gems/actionpack-3.0.0/lib/action_dispatch/middleware/templates/rescues/routing_error.erb within rescues/layout (2.8ms)


Started GET "/pages" for 127.0.0.1 at 2010-09-03 22:08:14 +0200

ActionController::RoutingError (No route matches "/pages"):
  

Rendered /Users/tomek/.rvm/gems/ruby-1.9.2-p0@rails3/gems/actionpack-3.0.0/lib/action_dispatch/middleware/templates/rescues/routing_error.erb within rescues/layout (1.6ms)


Started GET "/pages/home" for 127.0.0.1 at 2010-09-03 22:08:19 +0200
  Processing by PagesController#home as HTML
Rendered pages/home.html.erb within layouts/application (3.5ms)
Completed 200 OK in 15ms (Views: 14.3ms | ActiveRecord: 0.0ms)


Started GET "/pages/contact" for 127.0.0.1 at 2010-09-03 22:08:26 +0200
  Processing by PagesController#contact as HTML
Rendered pages/contact.html.erb within layouts/application (2.8ms)
Completed 200 OK in 10ms (Views: 9.8ms | ActiveRecord: 0.0ms)
  [1m[36mSQL (0.5ms)[0m  [1m SELECT name
 FROM sqlite_master
 WHERE type = 'table' AND NOT name = 'sqlite_sequence'
[0m
  [1m[35mSQL (0.3ms)[0m  select sqlite_version(*)
  [1m[36mSQL (3.3ms)[0m  [1mCREATE TABLE "schema_migrations" ("version" varchar(255) NOT NULL) [0m
  [1m[35mSQL (0.1ms)[0m  PRAGMA index_list("schema_migrations")
  [1m[36mSQL (3.3ms)[0m  [1mCREATE UNIQUE INDEX "unique_schema_migrations" ON "schema_migrations" ("version")[0m
  [1m[35mSQL (0.5ms)[0m   SELECT name
 FROM sqlite_master
 WHERE type = 'table' AND NOT name = 'sqlite_sequence'
  [1m[36mSQL (0.5ms)[0m  [1m SELECT name
 FROM sqlite_master
 WHERE type = 'table' AND NOT name = 'sqlite_sequence'
[0m
  [1m[35mSQL (0.2ms)[0m  SELECT "schema_migrations"."version" FROM "schema_migrations"
Migrating to CreateUsers (20100904194800)
  [1m[36mSQL (1.0ms)[0m  [1mCREATE TABLE "users" ("id" INTEGER PRIMARY KEY AUTOINCREMENT NOT NULL, "name" varchar(255), "email" varchar(255), "created_at" datetime, "updated_at" datetime) [0m
  [1m[35mSQL (0.4ms)[0m  INSERT INTO "schema_migrations" ("version") VALUES ('20100904194800')
  [1m[36mSQL (0.3ms)[0m  [1m SELECT name
 FROM sqlite_master
 WHERE type = 'table' AND NOT name = 'sqlite_sequence'
[0m
  [1m[35mSQL (0.2ms)[0m  SELECT "schema_migrations"."version" FROM "schema_migrations"
  [1m[36mSQL (0.2ms)[0m  [1m SELECT name
 FROM sqlite_master
 WHERE type = 'table' AND NOT name = 'sqlite_sequence'
[0m
  [1m[35mSQL (0.1ms)[0m  PRAGMA index_list("users")
  [1m[36mSQL (0.8ms)[0m  [1m SELECT name
 FROM sqlite_master
 WHERE type = 'table' AND NOT name = 'sqlite_sequence'
[0m
  [1m[35mSQL (0.2ms)[0m   SELECT name
 FROM sqlite_master
 WHERE type = 'table' AND NOT name = 'sqlite_sequence'
  [1m[36mSQL (0.2ms)[0m  [1mSELECT "schema_migrations"."version" FROM "schema_migrations"[0m
  [1m[35mSQL (0.2ms)[0m   SELECT name
 FROM sqlite_master
 WHERE type = 'table' AND NOT name = 'sqlite_sequence'
  [1m[36mSQL (0.2ms)[0m  [1mSELECT "schema_migrations"."version" FROM "schema_migrations"[0m
Migrating to CreateUsers (20100904194800)
  [1m[35mSQL (0.1ms)[0m  select sqlite_version(*)
  [1m[36mSQL (103.9ms)[0m  [1mDROP TABLE "users"[0m
  [1m[35mSQL (0.3ms)[0m  DELETE FROM "schema_migrations" WHERE "schema_migrations"."version" = '20100904194800'
  [1m[36mSQL (0.3ms)[0m  [1m SELECT name
 FROM sqlite_master
 WHERE type = 'table' AND NOT name = 'sqlite_sequence'
[0m
  [1m[35mSQL (0.2ms)[0m  SELECT "schema_migrations"."version" FROM "schema_migrations"
  [1m[36mSQL (0.3ms)[0m  [1m SELECT name
 FROM sqlite_master
 WHERE type = 'table' AND NOT name = 'sqlite_sequence'
[0m
  [1m[36mSQL (1.5ms)[0m  [1m SELECT name
 FROM sqlite_master
 WHERE type = 'table' AND NOT name = 'sqlite_sequence'
[0m
  [1m[35mSQL (0.4ms)[0m   SELECT name
 FROM sqlite_master
 WHERE type = 'table' AND NOT name = 'sqlite_sequence'
  [1m[36mSQL (0.3ms)[0m  [1mSELECT "schema_migrations"."version" FROM "schema_migrations"[0m
Migrating to CreateUsers (20100904194800)
  [1m[35mSQL (0.2ms)[0m  select sqlite_version(*)
  [1m[36mSQL (0.8ms)[0m  [1mCREATE TABLE "users" ("id" INTEGER PRIMARY KEY AUTOINCREMENT NOT NULL, "name" varchar(255), "email" varchar(255), "created_at" datetime, "updated_at" datetime) [0m
  [1m[35mSQL (0.2ms)[0m  INSERT INTO "schema_migrations" ("version") VALUES ('20100904194800')
  [1m[36mSQL (0.4ms)[0m  [1m SELECT name
 FROM sqlite_master
 WHERE type = 'table' AND NOT name = 'sqlite_sequence'
[0m
  [1m[35mSQL (0.2ms)[0m  SELECT "schema_migrations"."version" FROM "schema_migrations"
  [1m[36mSQL (0.2ms)[0m  [1m SELECT name
 FROM sqlite_master
 WHERE type = 'table' AND NOT name = 'sqlite_sequence'
[0m
  [1m[35mSQL (0.1ms)[0m  PRAGMA index_list("users")
  [1m[36mSQL (0.8ms)[0m  [1m SELECT name
 FROM sqlite_master
 WHERE type = 'table' AND NOT name = 'sqlite_sequence'
[0m
  [1m[35mSQL (0.2ms)[0m   SELECT name
 FROM sqlite_master
 WHERE type = 'table' AND NOT name = 'sqlite_sequence'
  [1m[36mSQL (0.2ms)[0m  [1mSELECT "schema_migrations"."version" FROM "schema_migrations"[0m
  [1m[36mSQL (0.3ms)[0m  [1m SELECT name
 FROM sqlite_master
 WHERE type = 'table' AND NOT name = 'sqlite_sequence'
[0m
  [1m[35mSQL (0.8ms)[0m  INSERT INTO "users" ("created_at", "email", "name", "updated_at") VALUES ('2010-09-04 20:13:35.228082', 'tomek.rusilko@gmail.com', 'Tomasz Rusilko', '2010-09-04 20:13:35.228082')
  [1m[36mSQL (0.3ms)[0m  [1mINSERT INTO "users" ("created_at", "email", "name", "updated_at") VALUES ('2010-09-04 20:19:30.224455', 'maj@maj.pl', 'Maja Rusilko', '2010-09-04 20:19:30.224455')[0m
  [1m[35mSQL (0.2ms)[0m  INSERT INTO "users" ("created_at", "email", "name", "updated_at") VALUES ('2010-09-04 20:20:06.103245', 'foo@bar.com', 'foo', '2010-09-04 20:20:06.103245')
  [1m[36mUser Load (0.6ms)[0m  [1mSELECT "users".* FROM "users"[0m
  [1m[35mSQL (0.2ms)[0m  DELETE FROM "users" WHERE ("users"."id" = 3)
  [1m[36mUser Load (0.2ms)[0m  [1mSELECT "users".* FROM "users" WHERE ("users"."id" = 3) LIMIT 1[0m
  [1m[35mUser Load (0.5ms)[0m  SELECT "users".* FROM "users" WHERE ("users"."id" = 1) LIMIT 1
  [1m[36mUser Load (0.2ms)[0m  [1mSELECT "users".* FROM "users" WHERE ("users"."name" = 'Maja') LIMIT 1[0m
  [1m[35mUser Load (0.5ms)[0m  SELECT "users".* FROM "users" WHERE ("users"."name" = 'Maja Rusilko') LIMIT 1
  [1m[36mSQL (0.3ms)[0m  [1m SELECT name
 FROM sqlite_master
 WHERE type = 'table' AND NOT name = 'sqlite_sequence'
[0m
  [1m[35mUser Load (0.4ms)[0m  SELECT "users".* FROM "users" ORDER BY users.id DESC LIMIT 1
  [1m[36mUser Load (0.4ms)[0m  [1mSELECT "users".* FROM "users" LIMIT 1[0m
  [1m[35mSQL (0.4ms)[0m   SELECT name
 FROM sqlite_master
 WHERE type = 'table' AND NOT name = 'sqlite_sequence'
  [1m[36mSQL (0.6ms)[0m  [1m SELECT name
 FROM sqlite_master
 WHERE type = 'table' AND NOT name = 'sqlite_sequence'
[0m
  [1m[35mUser Load (0.5ms)[0m  SELECT "users".* FROM "users"
  [1m[36mUser Load (0.5ms)[0m  [1mSELECT "users".* FROM "users"[0m
  [1m[35mUser Load (0.5ms)[0m  SELECT "users".* FROM "users"
  [1m[36mSQL (0.8ms)[0m  [1m SELECT name
 FROM sqlite_master
 WHERE type = 'table' AND NOT name = 'sqlite_sequence'
[0m
  [1m[35mSQL (0.3ms)[0m   SELECT name
 FROM sqlite_master
 WHERE type = 'table' AND NOT name = 'sqlite_sequence'
  [1m[36mSQL (0.2ms)[0m  [1mSELECT "schema_migrations"."version" FROM "schema_migrations"[0m
  [1m[35mSQL (0.2ms)[0m  select sqlite_version(*)
  [1m[36mSQL (0.3ms)[0m  [1m SELECT name
 FROM sqlite_master
 WHERE type = 'table' AND NOT name = 'sqlite_sequence'
[0m
  [1m[35mSQL (2.9ms)[0m  CREATE TABLE "users" ("id" INTEGER PRIMARY KEY AUTOINCREMENT NOT NULL, "name" varchar(255), "email" varchar(255), "created_at" datetime, "updated_at" datetime) 
  [1m[36mSQL (0.5ms)[0m  [1m SELECT name
 FROM sqlite_master
 WHERE type = 'table' AND NOT name = 'sqlite_sequence'
[0m
  [1m[35mSQL (3.6ms)[0m  CREATE TABLE "schema_migrations" ("version" varchar(255) NOT NULL) 
  [1m[36mSQL (0.1ms)[0m  [1mPRAGMA index_list("schema_migrations")[0m
  [1m[35mSQL (5.1ms)[0m  CREATE UNIQUE INDEX "unique_schema_migrations" ON "schema_migrations" ("version")
  [1m[36mSQL (0.5ms)[0m  [1m SELECT name
 FROM sqlite_master
 WHERE type = 'table' AND NOT name = 'sqlite_sequence'
[0m
  [1m[35mSQL (0.2ms)[0m  SELECT version FROM "schema_migrations"
  [1m[36mSQL (3.9ms)[0m  [1mINSERT INTO "schema_migrations" (version) VALUES ('20100904194800')[0m
  [1m[36mSQL (0.8ms)[0m  [1m SELECT name
 FROM sqlite_master
 WHERE type = 'table' AND NOT name = 'sqlite_sequence'
[0m
  [1m[35mSQL (0.3ms)[0m   SELECT name
 FROM sqlite_master
 WHERE type = 'table' AND NOT name = 'sqlite_sequence'
  [1m[36mSQL (0.3ms)[0m  [1mSELECT "schema_migrations"."version" FROM "schema_migrations"[0m
Migrating to CreateUsers (20100904194800)
Migrating to AddEmailUniquenessIndex (20100905104032)
  [1m[35mSQL (0.2ms)[0m  select sqlite_version(*)
  [1m[36mSQL (1.6ms)[0m  [1m SELECT name
 FROM sqlite_master
 WHERE type = 'table' AND NOT name = 'sqlite_sequence'
[0m
  [1m[35mSQL (0.5ms)[0m   SELECT name
 FROM sqlite_master
 WHERE type = 'table' AND NOT name = 'sqlite_sequence'
  [1m[36mSQL (0.3ms)[0m  [1mSELECT "schema_migrations"."version" FROM "schema_migrations"[0m
Migrating to CreateUsers (20100904194800)
Migrating to AddEmailUniquenessIndex (20100905104032)
  [1m[35mSQL (0.2ms)[0m  select sqlite_version(*)
  [1m[36mSQL (0.1ms)[0m  [1mPRAGMA index_list("users")[0m
  [1m[35mSQL (140.7ms)[0m  CREATE UNIQUE INDEX "index_users_on_email" ON "users" ("email")
  [1m[36mSQL (0.2ms)[0m  [1mINSERT INTO "schema_migrations" ("version") VALUES ('20100905104032')[0m
  [1m[35mSQL (0.5ms)[0m   SELECT name
 FROM sqlite_master
 WHERE type = 'table' AND NOT name = 'sqlite_sequence'
  [1m[36mSQL (0.2ms)[0m  [1mSELECT "schema_migrations"."version" FROM "schema_migrations"[0m
  [1m[35mSQL (0.2ms)[0m   SELECT name
 FROM sqlite_master
 WHERE type = 'table' AND NOT name = 'sqlite_sequence'
  [1m[36mSQL (0.1ms)[0m  [1mPRAGMA index_list("users")[0m
  [1m[35mSQL (0.1ms)[0m  PRAGMA index_info('index_users_on_email')
  [1m[36mSQL (0.6ms)[0m  [1m SELECT name
 FROM sqlite_master
 WHERE type = 'table' AND NOT name = 'sqlite_sequence'
[0m
  [1m[35mUser Load (0.1ms)[0m  SELECT "users"."id" FROM "users" WHERE (LOWER("users"."email") = LOWER('tomek.rusilko@gmail.com')) LIMIT 1
  [1m[36mSQL (0.7ms)[0m  [1mINSERT INTO "users" ("created_at", "email", "name", "updated_at") VALUES ('2010-09-05 10:58:40.043640', 'tomek.rusilko@gmail.com', 'Tomek Rusilko', '2010-09-05 10:58:40.043640')[0m
  [1m[35mSQL (0.3ms)[0m   SELECT name
 FROM sqlite_master
 WHERE type = 'table' AND NOT name = 'sqlite_sequence'
  [1m[36mUser Load (0.5ms)[0m  [1mSELECT "users".* FROM "users" LIMIT 1[0m
  [1m[35mSQL (0.6ms)[0m   SELECT name
 FROM sqlite_master
 WHERE type = 'table' AND NOT name = 'sqlite_sequence'
  [1m[36mSQL (0.8ms)[0m  [1m SELECT name
 FROM sqlite_master
 WHERE type = 'table' AND NOT name = 'sqlite_sequence'
[0m
  [1m[35mSQL (0.5ms)[0m   SELECT name
 FROM sqlite_master
 WHERE type = 'table' AND NOT name = 'sqlite_sequence'
  [1m[36mSQL (0.7ms)[0m  [1mSELECT "schema_migrations"."version" FROM "schema_migrations"[0m
Migrating to CreateUsers (20100904194800)
Migrating to AddEmailUniquenessIndex (20100905104032)
Migrating to AddPasswordToUsers (20100905122345)
  [1m[35mSQL (0.4ms)[0m  select sqlite_version(*)
  [1m[36mSQL (0.8ms)[0m  [1mALTER TABLE "users" ADD "encrypted_password" varchar(255)[0m
  [1m[35mSQL (0.2ms)[0m  INSERT INTO "schema_migrations" ("version") VALUES ('20100905122345')
  [1m[36mSQL (0.8ms)[0m  [1m SELECT name
 FROM sqlite_master
 WHERE type = 'table' AND NOT name = 'sqlite_sequence'
[0m
  [1m[35mSQL (0.3ms)[0m   SELECT name
 FROM sqlite_master
 WHERE type = 'table' AND NOT name = 'sqlite_sequence'
  [1m[36mSQL (0.4ms)[0m  [1mSELECT "schema_migrations"."version" FROM "schema_migrations"[0m
Migrating to CreateUsers (20100904194800)
Migrating to AddEmailUniquenessIndex (20100905104032)
Migrating to AddPasswordToUsers (20100905122345)
  [1m[35mSQL (0.2ms)[0m  select sqlite_version(*)
  [1m[36mSQL (0.7ms)[0m  [1mALTER TABLE "users" ADD "encrypted_password" varchar(255)[0m
  [1m[35mSQL (0.2ms)[0m  INSERT INTO "schema_migrations" ("version") VALUES ('20100905122345')
  [1m[36mSQL (0.3ms)[0m  [1m SELECT name
 FROM sqlite_master
 WHERE type = 'table' AND NOT name = 'sqlite_sequence'
[0m
  [1m[35mSQL (0.2ms)[0m  SELECT "schema_migrations"."version" FROM "schema_migrations"
  [1m[36mSQL (0.3ms)[0m  [1m SELECT name
 FROM sqlite_master
 WHERE type = 'table' AND NOT name = 'sqlite_sequence'
[0m
  [1m[35mSQL (0.2ms)[0m  PRAGMA index_list("users")
  [1m[36mSQL (0.2ms)[0m  [1mPRAGMA index_info('index_users_on_email')[0m
  [1m[36mSQL (1.0ms)[0m  [1m SELECT name
 FROM sqlite_master
 WHERE type = 'table' AND NOT name = 'sqlite_sequence'
[0m
  [1m[35mSQL (0.3ms)[0m   SELECT name
 FROM sqlite_master
 WHERE type = 'table' AND NOT name = 'sqlite_sequence'
  [1m[36mSQL (0.2ms)[0m  [1mSELECT "schema_migrations"."version" FROM "schema_migrations"[0m
  [1m[35mSQL (0.2ms)[0m  select sqlite_version(*)
  [1m[36mSQL (0.2ms)[0m  [1m SELECT name
 FROM sqlite_master
 WHERE type = 'table' AND NOT name = 'sqlite_sequence'
[0m
  [1m[35mSQL (2.7ms)[0m  CREATE TABLE "users" ("id" INTEGER PRIMARY KEY AUTOINCREMENT NOT NULL, "name" varchar(255), "email" varchar(255), "created_at" datetime, "updated_at" datetime, "encrypted_password" varchar(255)) 
  [1m[36mSQL (0.1ms)[0m  [1mPRAGMA index_list("users")[0m
  [1m[35mSQL (2.5ms)[0m  CREATE UNIQUE INDEX "index_users_on_email" ON "users" ("email")
  [1m[36mSQL (0.4ms)[0m  [1m SELECT name
 FROM sqlite_master
 WHERE type = 'table' AND NOT name = 'sqlite_sequence'
[0m
  [1m[35mSQL (2.5ms)[0m  CREATE TABLE "schema_migrations" ("version" varchar(255) NOT NULL) 
  [1m[36mSQL (0.1ms)[0m  [1mPRAGMA index_list("schema_migrations")[0m
  [1m[35mSQL (2.4ms)[0m  CREATE UNIQUE INDEX "unique_schema_migrations" ON "schema_migrations" ("version")
  [1m[36mSQL (0.4ms)[0m  [1m SELECT name
 FROM sqlite_master
 WHERE type = 'table' AND NOT name = 'sqlite_sequence'
[0m
  [1m[35mSQL (0.2ms)[0m  SELECT version FROM "schema_migrations"
  [1m[36mSQL (2.1ms)[0m  [1mINSERT INTO "schema_migrations" (version) VALUES ('20100905122345')[0m
  [1m[35mSQL (2.2ms)[0m  INSERT INTO "schema_migrations" (version) VALUES ('20100904194800')
  [1m[36mSQL (2.3ms)[0m  [1mINSERT INTO "schema_migrations" (version) VALUES ('20100905104032')[0m
  [1m[36mSQL (1.6ms)[0m  [1m SELECT name
 FROM sqlite_master
 WHERE type = 'table' AND NOT name = 'sqlite_sequence'
[0m
  [1m[35mSQL (0.2ms)[0m   SELECT name
 FROM sqlite_master
 WHERE type = 'table' AND NOT name = 'sqlite_sequence'
  [1m[36mSQL (0.2ms)[0m  [1mSELECT "schema_migrations"."version" FROM "schema_migrations"[0m
Migrating to CreateUsers (20100904194800)
Migrating to AddEmailUniquenessIndex (20100905104032)
Migrating to AddPasswordToUsers (20100905122345)
Migrating to AddSaltToUsers (20100905141807)
  [1m[35mSQL (0.1ms)[0m  select sqlite_version(*)
  [1m[36mSQL (0.7ms)[0m  [1mALTER TABLE "users" ADD "salt" varchar(255)[0m
  [1m[35mSQL (0.2ms)[0m  INSERT INTO "schema_migrations" ("version") VALUES ('20100905141807')
  [1m[36mSQL (0.4ms)[0m  [1m SELECT name
 FROM sqlite_master
 WHERE type = 'table' AND NOT name = 'sqlite_sequence'
[0m
  [1m[35mSQL (0.3ms)[0m  SELECT "schema_migrations"."version" FROM "schema_migrations"
  [1m[36mSQL (0.2ms)[0m  [1m SELECT name
 FROM sqlite_master
 WHERE type = 'table' AND NOT name = 'sqlite_sequence'
[0m
  [1m[35mSQL (0.2ms)[0m  PRAGMA index_list("users")
  [1m[36mSQL (0.2ms)[0m  [1mPRAGMA index_info('index_users_on_email')[0m
  [1m[36mSQL (0.8ms)[0m  [1m SELECT name
 FROM sqlite_master
 WHERE type = 'table' AND NOT name = 'sqlite_sequence'
[0m
  [1m[35mSQL (0.2ms)[0m   SELECT name
 FROM sqlite_master
 WHERE type = 'table' AND NOT name = 'sqlite_sequence'
  [1m[36mSQL (0.2ms)[0m  [1mSELECT "schema_migrations"."version" FROM "schema_migrations"[0m
  [1m[35mSQL (0.1ms)[0m  select sqlite_version(*)
  [1m[36mSQL (0.2ms)[0m  [1m SELECT name
 FROM sqlite_master
 WHERE type = 'table' AND NOT name = 'sqlite_sequence'
[0m
  [1m[35mSQL (2.2ms)[0m  CREATE TABLE "users" ("id" INTEGER PRIMARY KEY AUTOINCREMENT NOT NULL, "name" varchar(255), "email" varchar(255), "created_at" datetime, "updated_at" datetime, "encrypted_password" varchar(255), "salt" varchar(255)) 
  [1m[36mSQL (0.1ms)[0m  [1mPRAGMA index_list("users")[0m
  [1m[35mSQL (2.3ms)[0m  CREATE UNIQUE INDEX "index_users_on_email" ON "users" ("email")
  [1m[36mSQL (0.4ms)[0m  [1m SELECT name
 FROM sqlite_master
 WHERE type = 'table' AND NOT name = 'sqlite_sequence'
[0m
  [1m[35mSQL (2.4ms)[0m  CREATE TABLE "schema_migrations" ("version" varchar(255) NOT NULL) 
  [1m[36mSQL (0.1ms)[0m  [1mPRAGMA index_list("schema_migrations")[0m
  [1m[35mSQL (2.3ms)[0m  CREATE UNIQUE INDEX "unique_schema_migrations" ON "schema_migrations" ("version")
  [1m[36mSQL (0.4ms)[0m  [1m SELECT name
 FROM sqlite_master
 WHERE type = 'table' AND NOT name = 'sqlite_sequence'
[0m
  [1m[35mSQL (0.2ms)[0m  SELECT version FROM "schema_migrations"
  [1m[36mSQL (2.4ms)[0m  [1mINSERT INTO "schema_migrations" (version) VALUES ('20100905141807')[0m
  [1m[35mSQL (2.3ms)[0m  INSERT INTO "schema_migrations" (version) VALUES ('20100904194800')
  [1m[36mSQL (1.9ms)[0m  [1mINSERT INTO "schema_migrations" (version) VALUES ('20100905104032')[0m
  [1m[35mSQL (2.2ms)[0m  INSERT INTO "schema_migrations" (version) VALUES ('20100905122345')
  [1m[36mSQL (0.2ms)[0m  [1m SELECT name
 FROM sqlite_master
 WHERE type = 'table' AND NOT name = 'sqlite_sequence'
[0m
  [1m[35mUser Load (0.2ms)[0m  SELECT "users"."id" FROM "users" WHERE (LOWER("users"."email") = LOWER('bb')) LIMIT 1
  [1m[36mUser Load (0.2ms)[0m  [1mSELECT "users"."id" FROM "users" WHERE (LOWER("users"."email") = LOWER('bb')) LIMIT 1[0m
  [1m[36mSQL (0.2ms)[0m  [1m SELECT name
 FROM sqlite_master
 WHERE type = 'table' AND NOT name = 'sqlite_sequence'
[0m
  [1m[35mUser Load (0.1ms)[0m  SELECT "users"."id" FROM "users" WHERE ("users"."email" IS NULL) LIMIT 1
  [1m[36mUser Load (0.3ms)[0m  [1mSELECT "users"."id" FROM "users" WHERE ("users"."email" IS NULL) LIMIT 1[0m


Started GET "/users/1" for 127.0.0.1 at 2010-09-05 23:47:32 +0200
  Processing by UsersController#show as HTML
  Parameters: {"id"=>"1"}
  [1m[36mSQL (0.9ms)[0m  [1m SELECT name
 FROM sqlite_master
 WHERE type = 'table' AND NOT name = 'sqlite_sequence'
[0m
  [1m[35mUser Load (26.1ms)[0m  SELECT "users".* FROM "users" WHERE ("users"."id" = 1) LIMIT 1
Rendered layouts/_stylesheets.html.erb (1.8ms)
Rendered layouts/_header.html.erb (2.0ms)
Rendered layouts/_footer.html.erb (1.2ms)
Rendered users/show.html.erb within layouts/application (16.3ms)
Completed 200 OK in 207ms (Views: 25.8ms | ActiveRecord: 27.0ms)


Started GET "/users/1" for 127.0.0.1 at 2010-09-05 23:56:12 +0200
  Processing by UsersController#show as HTML
  Parameters: {"id"=>"1"}
  [1m[36mUser Load (0.8ms)[0m  [1mSELECT "users".* FROM "users" WHERE ("users"."id" = 1) LIMIT 1[0m
Rendered layouts/_stylesheets.html.erb (1.6ms)
Rendered layouts/_header.html.erb (1.8ms)
Rendered layouts/_footer.html.erb (1.7ms)
Rendered users/show.html.erb within layouts/application (12.4ms)
Completed 200 OK in 63ms (Views: 21.1ms | ActiveRecord: 0.8ms)


Started GET "/users/1" for 127.0.0.1 at 2010-09-05 23:56:14 +0200
  Processing by UsersController#show as HTML
  Parameters: {"id"=>"1"}
  [1m[35mUser Load (0.7ms)[0m  SELECT "users".* FROM "users" WHERE ("users"."id" = 1) LIMIT 1
Rendered layouts/_stylesheets.html.erb (1.5ms)
Rendered layouts/_header.html.erb (1.8ms)
Rendered layouts/_footer.html.erb (1.0ms)
Rendered users/show.html.erb within layouts/application (11.9ms)
Completed 200 OK in 56ms (Views: 19.1ms | ActiveRecord: 0.7ms)


Started GET "/users/1" for 127.0.0.1 at 2010-09-05 23:56:24 +0200
  Processing by UsersController#show as HTML
  Parameters: {"id"=>"1"}
  [1m[36mUser Load (0.7ms)[0m  [1mSELECT "users".* FROM "users" WHERE ("users"."id" = 1) LIMIT 1[0m
Rendered users/show.html.erb within layouts/application (76.2ms)
Completed   in 123ms

ActionView::Template::Error (undefined local variable or method `user' for #<#<Class:0x199d8dc>:0x199b884>):
    1: <h1>
    2: 	<%= gravatar_for user %>
    3:   <%= @user.name %>
    4: </h1>
  app/views/users/show.html.erb:2:in `_app_views_users_show_html_erb___822287812_13423760__438928383'

Rendered /Users/tomek/.rvm/gems/ruby-1.9.2-p0@rails3/gems/actionpack-3.0.0/lib/action_dispatch/middleware/templates/rescues/_trace.erb (2.1ms)
Rendered /Users/tomek/.rvm/gems/ruby-1.9.2-p0@rails3/gems/actionpack-3.0.0/lib/action_dispatch/middleware/templates/rescues/_request_and_response.erb (5.9ms)
Rendered /Users/tomek/.rvm/gems/ruby-1.9.2-p0@rails3/gems/actionpack-3.0.0/lib/action_dispatch/middleware/templates/rescues/template_error.erb within rescues/layout (19.7ms)


Started GET "/users/1" for 127.0.0.1 at 2010-09-05 23:56:46 +0200
  Processing by UsersController#show as HTML
  Parameters: {"id"=>"1"}
  [1m[35mUser Load (0.6ms)[0m  SELECT "users".* FROM "users" WHERE ("users"."id" = 1) LIMIT 1
Rendered users/show.html.erb within layouts/application (10.0ms)
Completed   in 56ms

ActionView::Template::Error (undefined local variable or method `user' for #<#<Class:0x1991d34>:0x198f6d8>):
    1: <h1>
    2: 	<%= gravatar_for user %>
    3:   <%= @user.name %>
    4: </h1>
  app/views/users/show.html.erb:2:in `_app_views_users_show_html_erb___822287812_13398020__438928383'

Rendered /Users/tomek/.rvm/gems/ruby-1.9.2-p0@rails3/gems/actionpack-3.0.0/lib/action_dispatch/middleware/templates/rescues/_trace.erb (2.0ms)
Rendered /Users/tomek/.rvm/gems/ruby-1.9.2-p0@rails3/gems/actionpack-3.0.0/lib/action_dispatch/middleware/templates/rescues/_request_and_response.erb (6.1ms)
Rendered /Users/tomek/.rvm/gems/ruby-1.9.2-p0@rails3/gems/actionpack-3.0.0/lib/action_dispatch/middleware/templates/rescues/template_error.erb within rescues/layout (20.8ms)


Started GET "/users/1" for 127.0.0.1 at 2010-09-05 23:56:48 +0200
  Processing by UsersController#show as HTML
  Parameters: {"id"=>"1"}
  [1m[36mUser Load (0.7ms)[0m  [1mSELECT "users".* FROM "users" WHERE ("users"."id" = 1) LIMIT 1[0m
Rendered users/show.html.erb within layouts/application (9.7ms)
Completed   in 85ms

ActionView::Template::Error (undefined local variable or method `user' for #<#<Class:0x19d5d90>:0x19d4378>):
    1: <h1>
    2: 	<%= gravatar_for user %>
    3:   <%= @user.name %>
    4: </h1>
  app/views/users/show.html.erb:2:in `_app_views_users_show_html_erb___822287812_13539110__438928383'

Rendered /Users/tomek/.rvm/gems/ruby-1.9.2-p0@rails3/gems/actionpack-3.0.0/lib/action_dispatch/middleware/templates/rescues/_trace.erb (1.9ms)
Rendered /Users/tomek/.rvm/gems/ruby-1.9.2-p0@rails3/gems/actionpack-3.0.0/lib/action_dispatch/middleware/templates/rescues/_request_and_response.erb (7.5ms)
Rendered /Users/tomek/.rvm/gems/ruby-1.9.2-p0@rails3/gems/actionpack-3.0.0/lib/action_dispatch/middleware/templates/rescues/template_error.erb within rescues/layout (15.9ms)


Started GET "/users/1" for 127.0.0.1 at 2010-09-05 23:56:51 +0200
  Processing by UsersController#show as HTML
  Parameters: {"id"=>"1"}
  [1m[35mUser Load (0.8ms)[0m  SELECT "users".* FROM "users" WHERE ("users"."id" = 1) LIMIT 1
Rendered layouts/_stylesheets.html.erb (1.5ms)
Rendered layouts/_header.html.erb (2.9ms)
Rendered layouts/_footer.html.erb (1.2ms)
Rendered users/show.html.erb within layouts/application (40.1ms)
Completed 200 OK in 158ms (Views: 61.7ms | ActiveRecord: 0.8ms)


Started GET "/users/1" for 127.0.0.1 at 2010-09-06 00:01:22 +0200
  Processing by UsersController#show as HTML
  Parameters: {"id"=>"1"}
  [1m[36mUser Load (1.0ms)[0m  [1mSELECT "users".* FROM "users" WHERE ("users"."id" = 1) LIMIT 1[0m
Rendered layouts/_stylesheets.html.erb (1.8ms)
Rendered layouts/_header.html.erb (1.8ms)
Rendered layouts/_footer.html.erb (1.1ms)
Rendered users/show.html.erb within layouts/application (53.0ms)
Completed 200 OK in 98ms (Views: 59.9ms | ActiveRecord: 1.0ms)


Started GET "/users/1" for 127.0.0.1 at 2010-09-06 00:03:04 +0200
  Processing by UsersController#show as HTML
  Parameters: {"id"=>"1"}
  [1m[35mUser Load (0.6ms)[0m  SELECT "users".* FROM "users" WHERE ("users"."id" = 1) LIMIT 1
Rendered layouts/_stylesheets.html.erb (1.5ms)
Rendered layouts/_header.html.erb (1.6ms)
Rendered layouts/_footer.html.erb (1.1ms)
Rendered users/show.html.erb within layouts/application (12.7ms)
Completed 200 OK in 58ms (Views: 20.0ms | ActiveRecord: 0.6ms)
